<?xml version="1.0" encoding="UTF-8"?>
<!-- Generated by org.testng.reporters.JUnitReportReporter -->
<testsuite hostname="PSPLHYLTLV0131" failures="0" tests="1" name="EmployeeTest" time="3.283" errors="0" timestamp="2024-09-04T10:44:04 IST" skipped="0">
  <testcase classname="EmployeeTest" name="applyLeave" time="3.283"/>
</testsuite> <!-- EmployeeTest -->
